[2025-10-12 20:18:35] Retraining initiated
[2025-10-12 20:18:35] Step 1: Generating features
[2025-10-12 20:20:30] Features generated successfully
[2025-10-12 20:20:30] Step 2: Training models
[2025-10-12 20:22:35] Models trained successfully
[2025-10-12 20:22:35] Retraining completed successfully
[2025-10-12 20:22:35] Retraining completed successfully[2025-10-13 14:12:55] Retraining initiated
[2025-10-13 14:12:55] Step 1: Generating features
[2025-10-13 14:15:44] Features generated successfully
[2025-10-13 14:15:44] Step 2: Training models
[2025-10-13 14:17:52] Models trained successfully
[2025-10-13 14:17:52] Retraining completed successfully
[2025-10-13 14:20:57] Retraining initiated
[2025-10-13 14:20:57] Step 1: Generating features
[2025-10-13 14:23:04] Features generated successfully
[2025-10-13 14:23:04] Step 2: Training models
[2025-10-13 14:26:37] Models trained successfully
[2025-10-13 14:26:37] Retraining completed successfully
[2025-10-13 14:27:43] Retraining initiated
[2025-10-13 14:27:43] Step 1: Generating features
[2025-10-13 14:30:28] Features generated successfully
[2025-10-13 14:30:28] Step 2: Training models
[2025-10-13 14:32:29] Models trained successfully
[2025-10-13 14:32:29] Retraining completed successfully
[2025-10-13 14:45:48] Retraining initiated
[2025-10-13 14:45:48] Step 1: Generating features
